<?xml version="1.0" encoding="UTF-8"?>
<robot generator="Robot 3.2.2 (Python 3.8.5 on win32)" generated="20210110 16:20:43.101" rpa="false">
<suite id="s1" name="TestCases" source="C:\Users\user\Desktop\Vsgit\Assignment_13\TestsBook\TestCases.robot">
<test id="s1-t1" name="User should be able to Land on Book details Page">
<kw name="Open India Bookstore" library="instructions">
<kw name="Open Browser" library="SeleniumLibrary">
<doc>Opens a new browser instance to the optional ``url``.</doc>
<arguments>
<arg>${url_books}</arg>
<arg>${brows}</arg>
</arguments>
<msg timestamp="20210110 16:20:43.452" level="INFO">Opening browser 'gc' to base url 'https://www.indiabookstore.net/'.</msg>
<status status="PASS" starttime="20210110 16:20:43.452" endtime="20210110 16:20:52.196"></status>
</kw>
<kw name="Maximize Browser Window" library="SeleniumLibrary">
<doc>Maximizes current browser window.</doc>
<status status="PASS" starttime="20210110 16:20:52.196" endtime="20210110 16:20:54.341"></status>
</kw>
<kw name="Sleep" library="BuiltIn">
<doc>Pauses the test executed for the given time.</doc>
<arguments>
<arg>4s</arg>
</arguments>
<msg timestamp="20210110 16:20:58.351" level="INFO">Slept 4 seconds</msg>
<status status="PASS" starttime="20210110 16:20:54.342" endtime="20210110 16:20:58.351"></status>
</kw>
<kw name="Verify WebPage title" library="instructions">
<arguments>
<arg>${Expected_homePage}</arg>
</arguments>
<kw name="Wait Until Page Contains" library="SeleniumLibrary">
<doc>Waits until ``text`` appears on the current page.</doc>
<arguments>
<arg>${title_name}</arg>
</arguments>
<status status="PASS" starttime="20210110 16:20:58.351" endtime="20210110 16:20:58.391"></status>
</kw>
<kw name="Log To Console" library="BuiltIn">
<doc>Logs the given message to the console.</doc>
<arguments>
<arg>${title_name}</arg>
</arguments>
<status status="PASS" starttime="20210110 16:20:58.391" endtime="20210110 16:20:58.391"></status>
</kw>
<kw name="Log To Console" library="BuiltIn">
<doc>Logs the given message to the console.</doc>
<arguments>
<arg>Pass!!</arg>
</arguments>
<status status="PASS" starttime="20210110 16:20:58.395" endtime="20210110 16:20:58.435"></status>
</kw>
<status status="PASS" starttime="20210110 16:20:58.351" endtime="20210110 16:20:58.435"></status>
</kw>
<kw name="Execute Javascript" library="SeleniumLibrary">
<doc>Executes the given JavaScript code with possible arguments.</doc>
<arguments>
<arg>window.scrollTo(0, 500)</arg>
</arguments>
<msg timestamp="20210110 16:20:58.435" level="INFO">Executing JavaScript:
window.scrollTo(0, 500)
Without any arguments.</msg>
<status status="PASS" starttime="20210110 16:20:58.435" endtime="20210110 16:20:58.466"></status>
</kw>
<kw name="Log To Console" library="BuiltIn">
<doc>Logs the given message to the console.</doc>
<arguments>
<arg>Step1</arg>
</arguments>
<status status="PASS" starttime="20210110 16:20:58.466" endtime="20210110 16:20:58.494"></status>
</kw>
<status status="PASS" starttime="20210110 16:20:43.452" endtime="20210110 16:20:58.494"></status>
</kw>
<kw name="Navigate to Category &quot;Health &amp; Personal Development&quot;" library="instructions">
<kw name="Get Element Count" library="SeleniumLibrary">
<doc>Returns the number of elements matching ``locator``.</doc>
<arguments>
<arg>xpath=//*[@id="leftNavContainer"]/ul/li</arg>
</arguments>
<assign>
<var>${category_count}</var>
</assign>
<msg timestamp="20210110 16:20:58.546" level="INFO">${category_count} = 21</msg>
<status status="PASS" starttime="20210110 16:20:58.498" endtime="20210110 16:20:58.546"></status>
</kw>
<kw name="Sleep" library="BuiltIn">
<doc>Pauses the test executed for the given time.</doc>
<arguments>
<arg>3s</arg>
</arguments>
<msg timestamp="20210110 16:21:01.551" level="INFO">Slept 3 seconds</msg>
<status status="PASS" starttime="20210110 16:20:58.546" endtime="20210110 16:21:01.551"></status>
</kw>
<kw name="${i} IN RANGE [ 1 | ${category_count} ]" type="for">
<kw name="${i} = 1" type="foritem">
<kw name="Get Text" library="SeleniumLibrary">
<doc>Returns the text value of the element identified by ``locator``.</doc>
<arguments>
<arg>xpath=//*[@id="leftNavContainer"]/ul/li[${i}]/a</arg>
</arguments>
<assign>
<var>${dynamic_categ_name}</var>
</assign>
<msg timestamp="20210110 16:21:01.591" level="INFO">${dynamic_categ_name} = Academic</msg>
<status status="PASS" starttime="20210110 16:21:01.551" endtime="20210110 16:21:01.591"></status>
</kw>
<kw name="Scroll Element Into View" library="SeleniumLibrary">
<doc>Scrolls the element identified by ``locator`` into view.</doc>
<arguments>
<arg>xpath=//*[@id="leftNavContainer"]/ul/li[${i}]/a</arg>
</arguments>
<status status="PASS" starttime="20210110 16:21:01.591" endtime="20210110 16:21:01.871"></status>
</kw>
<kw name="Exit For Loop If" library="BuiltIn">
<doc>Stops executing the enclosing for loop if the ``condition`` is true.</doc>
<arguments>
<arg>"${dynamic_categ_name}" == "${Expected_category}"</arg>
</arguments>
<status status="PASS" starttime="20210110 16:21:01.871" endtime="20210110 16:21:01.871"></status>
</kw>
<status status="PASS" starttime="20210110 16:21:01.551" endtime="20210110 16:21:01.871"></status>
</kw>
<kw name="${i} = 2" type="foritem">
<kw name="Get Text" library="SeleniumLibrary">
<doc>Returns the text value of the element identified by ``locator``.</doc>
<arguments>
<arg>xpath=//*[@id="leftNavContainer"]/ul/li[${i}]/a</arg>
</arguments>
<assign>
<var>${dynamic_categ_name}</var>
</assign>
<msg timestamp="20210110 16:21:01.901" level="INFO">${dynamic_categ_name} = Action &amp; Adventure</msg>
<status status="PASS" starttime="20210110 16:21:01.871" endtime="20210110 16:21:01.901"></status>
</kw>
<kw name="Scroll Element Into View" library="SeleniumLibrary">
<doc>Scrolls the element identified by ``locator`` into view.</doc>
<arguments>
<arg>xpath=//*[@id="leftNavContainer"]/ul/li[${i}]/a</arg>
</arguments>
<status status="PASS" starttime="20210110 16:21:01.901" endtime="20210110 16:21:02.191"></status>
</kw>
<kw name="Exit For Loop If" library="BuiltIn">
<doc>Stops executing the enclosing for loop if the ``condition`` is true.</doc>
<arguments>
<arg>"${dynamic_categ_name}" == "${Expected_category}"</arg>
</arguments>
<status status="PASS" starttime="20210110 16:21:02.191" endtime="20210110 16:21:02.191"></status>
</kw>
<status status="PASS" starttime="20210110 16:21:01.871" endtime="20210110 16:21:02.191"></status>
</kw>
<kw name="${i} = 3" type="foritem">
<kw name="Get Text" library="SeleniumLibrary">
<doc>Returns the text value of the element identified by ``locator``.</doc>
<arguments>
<arg>xpath=//*[@id="leftNavContainer"]/ul/li[${i}]/a</arg>
</arguments>
<assign>
<var>${dynamic_categ_name}</var>
</assign>
<msg timestamp="20210110 16:21:02.241" level="INFO">${dynamic_categ_name} = Biographies &amp; True Accounts</msg>
<status status="PASS" starttime="20210110 16:21:02.191" endtime="20210110 16:21:02.241"></status>
</kw>
<kw name="Scroll Element Into View" library="SeleniumLibrary">
<doc>Scrolls the element identified by ``locator`` into view.</doc>
<arguments>
<arg>xpath=//*[@id="leftNavContainer"]/ul/li[${i}]/a</arg>
</arguments>
<status status="PASS" starttime="20210110 16:21:02.241" endtime="20210110 16:21:02.511"></status>
</kw>
<kw name="Exit For Loop If" library="BuiltIn">
<doc>Stops executing the enclosing for loop if the ``condition`` is true.</doc>
<arguments>
<arg>"${dynamic_categ_name}" == "${Expected_category}"</arg>
</arguments>
<status status="PASS" starttime="20210110 16:21:02.511" endtime="20210110 16:21:02.516"></status>
</kw>
<status status="PASS" starttime="20210110 16:21:02.191" endtime="20210110 16:21:02.516"></status>
</kw>
<kw name="${i} = 4" type="foritem">
<kw name="Get Text" library="SeleniumLibrary">
<doc>Returns the text value of the element identified by ``locator``.</doc>
<arguments>
<arg>xpath=//*[@id="leftNavContainer"]/ul/li[${i}]/a</arg>
</arguments>
<assign>
<var>${dynamic_categ_name}</var>
</assign>
<msg timestamp="20210110 16:21:02.581" level="INFO">${dynamic_categ_name} = Business, Investing and Management</msg>
<status status="PASS" starttime="20210110 16:21:02.516" endtime="20210110 16:21:02.581"></status>
</kw>
<kw name="Scroll Element Into View" library="SeleniumLibrary">
<doc>Scrolls the element identified by ``locator`` into view.</doc>
<arguments>
<arg>xpath=//*[@id="leftNavContainer"]/ul/li[${i}]/a</arg>
</arguments>
<status status="PASS" starttime="20210110 16:21:02.581" endtime="20210110 16:21:02.881"></status>
</kw>
<kw name="Exit For Loop If" library="BuiltIn">
<doc>Stops executing the enclosing for loop if the ``condition`` is true.</doc>
<arguments>
<arg>"${dynamic_categ_name}" == "${Expected_category}"</arg>
</arguments>
<status status="PASS" starttime="20210110 16:21:02.881" endtime="20210110 16:21:02.881"></status>
</kw>
<status status="PASS" starttime="20210110 16:21:02.516" endtime="20210110 16:21:02.881"></status>
</kw>
<kw name="${i} = 5" type="foritem">
<kw name="Get Text" library="SeleniumLibrary">
<doc>Returns the text value of the element identified by ``locator``.</doc>
<arguments>
<arg>xpath=//*[@id="leftNavContainer"]/ul/li[${i}]/a</arg>
</arguments>
<assign>
<var>${dynamic_categ_name}</var>
</assign>
<msg timestamp="20210110 16:21:02.931" level="INFO">${dynamic_categ_name} = Children's Books</msg>
<status status="PASS" starttime="20210110 16:21:02.881" endtime="20210110 16:21:02.931"></status>
</kw>
<kw name="Scroll Element Into View" library="SeleniumLibrary">
<doc>Scrolls the element identified by ``locator`` into view.</doc>
<arguments>
<arg>xpath=//*[@id="leftNavContainer"]/ul/li[${i}]/a</arg>
</arguments>
<status status="PASS" starttime="20210110 16:21:02.936" endtime="20210110 16:21:03.221"></status>
</kw>
<kw name="Exit For Loop If" library="BuiltIn">
<doc>Stops executing the enclosing for loop if the ``condition`` is true.</doc>
<arguments>
<arg>"${dynamic_categ_name}" == "${Expected_category}"</arg>
</arguments>
<status status="PASS" starttime="20210110 16:21:03.221" endtime="20210110 16:21:03.221"></status>
</kw>
<status status="PASS" starttime="20210110 16:21:02.881" endtime="20210110 16:21:03.221"></status>
</kw>
<kw name="${i} = 6" type="foritem">
<kw name="Get Text" library="SeleniumLibrary">
<doc>Returns the text value of the element identified by ``locator``.</doc>
<arguments>
<arg>xpath=//*[@id="leftNavContainer"]/ul/li[${i}]/a</arg>
</arguments>
<assign>
<var>${dynamic_categ_name}</var>
</assign>
<msg timestamp="20210110 16:21:03.251" level="INFO">${dynamic_categ_name} = Comics &amp; Manga</msg>
<status status="PASS" starttime="20210110 16:21:03.221" endtime="20210110 16:21:03.251"></status>
</kw>
<kw name="Scroll Element Into View" library="SeleniumLibrary">
<doc>Scrolls the element identified by ``locator`` into view.</doc>
<arguments>
<arg>xpath=//*[@id="leftNavContainer"]/ul/li[${i}]/a</arg>
</arguments>
<status status="PASS" starttime="20210110 16:21:03.251" endtime="20210110 16:21:03.536"></status>
</kw>
<kw name="Exit For Loop If" library="BuiltIn">
<doc>Stops executing the enclosing for loop if the ``condition`` is true.</doc>
<arguments>
<arg>"${dynamic_categ_name}" == "${Expected_category}"</arg>
</arguments>
<status status="PASS" starttime="20210110 16:21:03.536" endtime="20210110 16:21:03.536"></status>
</kw>
<status status="PASS" starttime="20210110 16:21:03.221" endtime="20210110 16:21:03.536"></status>
</kw>
<kw name="${i} = 7" type="foritem">
<kw name="Get Text" library="SeleniumLibrary">
<doc>Returns the text value of the element identified by ``locator``.</doc>
<arguments>
<arg>xpath=//*[@id="leftNavContainer"]/ul/li[${i}]/a</arg>
</arguments>
<assign>
<var>${dynamic_categ_name}</var>
</assign>
<msg timestamp="20210110 16:21:03.591" level="INFO">${dynamic_categ_name} = Computing &amp; Internet</msg>
<status status="PASS" starttime="20210110 16:21:03.536" endtime="20210110 16:21:03.591"></status>
</kw>
<kw name="Scroll Element Into View" library="SeleniumLibrary">
<doc>Scrolls the element identified by ``locator`` into view.</doc>
<arguments>
<arg>xpath=//*[@id="leftNavContainer"]/ul/li[${i}]/a</arg>
</arguments>
<status status="PASS" starttime="20210110 16:21:03.591" endtime="20210110 16:21:03.911"></status>
</kw>
<kw name="Exit For Loop If" library="BuiltIn">
<doc>Stops executing the enclosing for loop if the ``condition`` is true.</doc>
<arguments>
<arg>"${dynamic_categ_name}" == "${Expected_category}"</arg>
</arguments>
<status status="PASS" starttime="20210110 16:21:03.911" endtime="20210110 16:21:03.911"></status>
</kw>
<status status="PASS" starttime="20210110 16:21:03.536" endtime="20210110 16:21:03.911"></status>
</kw>
<kw name="${i} = 8" type="foritem">
<kw name="Get Text" library="SeleniumLibrary">
<doc>Returns the text value of the element identified by ``locator``.</doc>
<arguments>
<arg>xpath=//*[@id="leftNavContainer"]/ul/li[${i}]/a</arg>
</arguments>
<assign>
<var>${dynamic_categ_name}</var>
</assign>
<msg timestamp="20210110 16:21:03.966" level="INFO">${dynamic_categ_name} = Crime, Thriller &amp; Mystery</msg>
<status status="PASS" starttime="20210110 16:21:03.911" endtime="20210110 16:21:03.971"></status>
</kw>
<kw name="Scroll Element Into View" library="SeleniumLibrary">
<doc>Scrolls the element identified by ``locator`` into view.</doc>
<arguments>
<arg>xpath=//*[@id="leftNavContainer"]/ul/li[${i}]/a</arg>
</arguments>
<status status="PASS" starttime="20210110 16:21:03.971" endtime="20210110 16:21:04.261"></status>
</kw>
<kw name="Exit For Loop If" library="BuiltIn">
<doc>Stops executing the enclosing for loop if the ``condition`` is true.</doc>
<arguments>
<arg>"${dynamic_categ_name}" == "${Expected_category}"</arg>
</arguments>
<status status="PASS" starttime="20210110 16:21:04.261" endtime="20210110 16:21:04.261"></status>
</kw>
<status status="PASS" starttime="20210110 16:21:03.911" endtime="20210110 16:21:04.261"></status>
</kw>
<kw name="${i} = 9" type="foritem">
<kw name="Get Text" library="SeleniumLibrary">
<doc>Returns the text value of the element identified by ``locator``.</doc>
<arguments>
<arg>xpath=//*[@id="leftNavContainer"]/ul/li[${i}]/a</arg>
</arguments>
<assign>
<var>${dynamic_categ_name}</var>
</assign>
<msg timestamp="20210110 16:21:04.326" level="INFO">${dynamic_categ_name} = Entrance Exams Preparation</msg>
<status status="PASS" starttime="20210110 16:21:04.261" endtime="20210110 16:21:04.326"></status>
</kw>
<kw name="Scroll Element Into View" library="SeleniumLibrary">
<doc>Scrolls the element identified by ``locator`` into view.</doc>
<arguments>
<arg>xpath=//*[@id="leftNavContainer"]/ul/li[${i}]/a</arg>
</arguments>
<status status="PASS" starttime="20210110 16:21:04.326" endtime="20210110 16:21:04.621"></status>
</kw>
<kw name="Exit For Loop If" library="BuiltIn">
<doc>Stops executing the enclosing for loop if the ``condition`` is true.</doc>
<arguments>
<arg>"${dynamic_categ_name}" == "${Expected_category}"</arg>
</arguments>
<status status="PASS" starttime="20210110 16:21:04.621" endtime="20210110 16:21:04.621"></status>
</kw>
<status status="PASS" starttime="20210110 16:21:04.261" endtime="20210110 16:21:04.621"></status>
</kw>
<kw name="${i} = 10" type="foritem">
<kw name="Get Text" library="SeleniumLibrary">
<doc>Returns the text value of the element identified by ``locator``.</doc>
<arguments>
<arg>xpath=//*[@id="leftNavContainer"]/ul/li[${i}]/a</arg>
</arguments>
<assign>
<var>${dynamic_categ_name}</var>
</assign>
<msg timestamp="20210110 16:21:04.691" level="INFO">${dynamic_categ_name} = Fantasy &amp; Science Fiction</msg>
<status status="PASS" starttime="20210110 16:21:04.621" endtime="20210110 16:21:04.691"></status>
</kw>
<kw name="Scroll Element Into View" library="SeleniumLibrary">
<doc>Scrolls the element identified by ``locator`` into view.</doc>
<arguments>
<arg>xpath=//*[@id="leftNavContainer"]/ul/li[${i}]/a</arg>
</arguments>
<status status="PASS" starttime="20210110 16:21:04.691" endtime="20210110 16:21:05.001"></status>
</kw>
<kw name="Exit For Loop If" library="BuiltIn">
<doc>Stops executing the enclosing for loop if the ``condition`` is true.</doc>
<arguments>
<arg>"${dynamic_categ_name}" == "${Expected_category}"</arg>
</arguments>
<status status="PASS" starttime="20210110 16:21:05.006" endtime="20210110 16:21:05.006"></status>
</kw>
<status status="PASS" starttime="20210110 16:21:04.621" endtime="20210110 16:21:05.006"></status>
</kw>
<kw name="${i} = 11" type="foritem">
<kw name="Get Text" library="SeleniumLibrary">
<doc>Returns the text value of the element identified by ``locator``.</doc>
<arguments>
<arg>xpath=//*[@id="leftNavContainer"]/ul/li[${i}]/a</arg>
</arguments>
<assign>
<var>${dynamic_categ_name}</var>
</assign>
<msg timestamp="20210110 16:21:05.071" level="INFO">${dynamic_categ_name} = Health &amp; Personal Development</msg>
<status status="PASS" starttime="20210110 16:21:05.006" endtime="20210110 16:21:05.071"></status>
</kw>
<kw name="Scroll Element Into View" library="SeleniumLibrary">
<doc>Scrolls the element identified by ``locator`` into view.</doc>
<arguments>
<arg>xpath=//*[@id="leftNavContainer"]/ul/li[${i}]/a</arg>
</arguments>
<status status="PASS" starttime="20210110 16:21:05.071" endtime="20210110 16:21:05.361"></status>
</kw>
<kw name="Exit For Loop If" library="BuiltIn">
<doc>Stops executing the enclosing for loop if the ``condition`` is true.</doc>
<arguments>
<arg>"${dynamic_categ_name}" == "${Expected_category}"</arg>
</arguments>
<msg timestamp="20210110 16:21:05.361" level="INFO">Exiting for loop altogether.</msg>
<status status="PASS" starttime="20210110 16:21:05.361" endtime="20210110 16:21:05.361"></status>
</kw>
<status status="PASS" starttime="20210110 16:21:05.006" endtime="20210110 16:21:05.361"></status>
</kw>
<status status="PASS" starttime="20210110 16:21:01.551" endtime="20210110 16:21:05.361"></status>
</kw>
<kw name="Set Test Variable" library="BuiltIn">
<doc>Makes a variable available everywhere within the scope of the current test.</doc>
<arguments>
<arg>${static_categ_name}</arg>
<arg>xpath=//*[@id="leftNavContainer"]/ul/li[${i}]/a</arg>
</arguments>
<msg timestamp="20210110 16:21:05.371" level="INFO">${static_categ_name} = xpath=//*[@id="leftNavContainer"]/ul/li[11]/a</msg>
<status status="PASS" starttime="20210110 16:21:05.361" endtime="20210110 16:21:05.371"></status>
</kw>
<kw name="Log To Console" library="BuiltIn">
<doc>Logs the given message to the console.</doc>
<arguments>
<arg>Step2</arg>
</arguments>
<status status="PASS" starttime="20210110 16:21:05.371" endtime="20210110 16:21:05.376"></status>
</kw>
<status status="PASS" starttime="20210110 16:20:58.498" endtime="20210110 16:21:05.376"></status>
</kw>
<kw name="Click on &quot;Mind&quot; Sub Section" library="instructions">
<kw name="Mouse Over" library="SeleniumLibrary">
<doc>Simulates hovering the mouse over the element ``locator``.</doc>
<arguments>
<arg>${static_categ_name}</arg>
</arguments>
<msg timestamp="20210110 16:21:05.381" level="INFO">Simulating Mouse Over on element 'xpath=//*[@id="leftNavContainer"]/ul/li[11]/a'.</msg>
<status status="PASS" starttime="20210110 16:21:05.377" endtime="20210110 16:21:05.671"></status>
</kw>
<kw name="Sleep" library="BuiltIn">
<doc>Pauses the test executed for the given time.</doc>
<arguments>
<arg>3s</arg>
</arguments>
<msg timestamp="20210110 16:21:08.681" level="INFO">Slept 3 seconds</msg>
<status status="PASS" starttime="20210110 16:21:05.671" endtime="20210110 16:21:08.681"></status>
</kw>
<kw name="Mouse Over" library="SeleniumLibrary">
<doc>Simulates hovering the mouse over the element ``locator``.</doc>
<arguments>
<arg>${Mind}</arg>
</arguments>
<msg timestamp="20210110 16:21:08.681" level="INFO">Simulating Mouse Over on element 'xpath=//*[@id="leftNavContainer"]/ul/li[11]/ul/li[2]'.</msg>
<status status="PASS" starttime="20210110 16:21:08.681" endtime="20210110 16:21:08.981"></status>
</kw>
<kw name="Sleep" library="BuiltIn">
<doc>Pauses the test executed for the given time.</doc>
<arguments>
<arg>1s</arg>
</arguments>
<msg timestamp="20210110 16:21:09.991" level="INFO">Slept 1 second</msg>
<status status="PASS" starttime="20210110 16:21:08.981" endtime="20210110 16:21:09.991"></status>
</kw>
<kw name="Verify WebPage title" library="instructions">
<arguments>
<arg>Mind</arg>
</arguments>
<kw name="Wait Until Page Contains" library="SeleniumLibrary">
<doc>Waits until ``text`` appears on the current page.</doc>
<arguments>
<arg>${title_name}</arg>
</arguments>
<status status="PASS" starttime="20210110 16:21:09.991" endtime="20210110 16:21:10.031"></status>
</kw>
<kw name="Log To Console" library="BuiltIn">
<doc>Logs the given message to the console.</doc>
<arguments>
<arg>${title_name}</arg>
</arguments>
<status status="PASS" starttime="20210110 16:21:10.031" endtime="20210110 16:21:10.031"></status>
</kw>
<kw name="Log To Console" library="BuiltIn">
<doc>Logs the given message to the console.</doc>
<arguments>
<arg>Pass!!</arg>
</arguments>
<status status="PASS" starttime="20210110 16:21:10.035" endtime="20210110 16:21:10.049"></status>
</kw>
<status status="PASS" starttime="20210110 16:21:09.991" endtime="20210110 16:21:10.053"></status>
</kw>
<kw name="Click Element" library="SeleniumLibrary">
<doc>Click the element identified by ``locator``.</doc>
<arguments>
<arg>${Mind}</arg>
</arguments>
<msg timestamp="20210110 16:21:10.053" level="INFO">Clicking element 'xpath=//*[@id="leftNavContainer"]/ul/li[11]/ul/li[2]'.</msg>
<status status="PASS" starttime="20210110 16:21:10.053" endtime="20210110 16:21:11.256"></status>
</kw>
<kw name="Sleep" library="BuiltIn">
<doc>Pauses the test executed for the given time.</doc>
<arguments>
<arg>1s</arg>
</arguments>
<msg timestamp="20210110 16:21:12.265" level="INFO">Slept 1 second</msg>
<status status="PASS" starttime="20210110 16:21:11.256" endtime="20210110 16:21:12.265"></status>
</kw>
<kw name="Verify WebPage title" library="instructions">
<arguments>
<arg>${Expected_Book_Category}</arg>
</arguments>
<kw name="Wait Until Page Contains" library="SeleniumLibrary">
<doc>Waits until ``text`` appears on the current page.</doc>
<arguments>
<arg>${title_name}</arg>
</arguments>
<status status="PASS" starttime="20210110 16:21:12.271" endtime="20210110 16:21:12.301"></status>
</kw>
<kw name="Log To Console" library="BuiltIn">
<doc>Logs the given message to the console.</doc>
<arguments>
<arg>${title_name}</arg>
</arguments>
<status status="PASS" starttime="20210110 16:21:12.301" endtime="20210110 16:21:12.301"></status>
</kw>
<kw name="Log To Console" library="BuiltIn">
<doc>Logs the given message to the console.</doc>
<arguments>
<arg>Pass!!</arg>
</arguments>
<status status="PASS" starttime="20210110 16:21:12.305" endtime="20210110 16:21:12.306"></status>
</kw>
<status status="PASS" starttime="20210110 16:21:12.267" endtime="20210110 16:21:12.306"></status>
</kw>
<kw name="Log To Console" library="BuiltIn">
<doc>Logs the given message to the console.</doc>
<arguments>
<arg>Step3</arg>
</arguments>
<status status="PASS" starttime="20210110 16:21:12.306" endtime="20210110 16:21:12.322"></status>
</kw>
<status status="PASS" starttime="20210110 16:21:05.377" endtime="20210110 16:21:12.322"></status>
</kw>
<kw name="Search for the book title 'Beautiful Outlaw' in the Booklist" library="instructions">
<kw name="Get Element Count" library="SeleniumLibrary">
<doc>Returns the number of elements matching ``locator``.</doc>
<arguments>
<arg>xpath=//div[@class='col-md-9']/div</arg>
</arguments>
<assign>
<var>${buk_list}</var>
</assign>
<msg timestamp="20210110 16:21:12.393" level="INFO">${buk_list} = 51</msg>
<status status="PASS" starttime="20210110 16:21:12.330" endtime="20210110 16:21:12.393"></status>
</kw>
<kw name="${j} IN RANGE [ 2 | ${buk_list} ]" type="for">
<kw name="${j} = 2" type="foritem">
<kw name="Get Text" library="SeleniumLibrary">
<doc>Returns the text value of the element identified by ``locator``.</doc>
<arguments>
<arg>xpath=//div[@class='col-md-9']/div[${j}]/a/div[3]</arg>
</arguments>
<assign>
<var>${buk_names}</var>
</assign>
<msg timestamp="20210110 16:21:12.429" level="INFO">${buk_names} = Someone Like You</msg>
<status status="PASS" starttime="20210110 16:21:12.393" endtime="20210110 16:21:12.429"></status>
</kw>
<kw name="Exit For Loop If" library="BuiltIn">
<doc>Stops executing the enclosing for loop if the ``condition`` is true.</doc>
<arguments>
<arg>"${buk_names}" == "${Expected_Book_Name}"</arg>
</arguments>
<status status="PASS" starttime="20210110 16:21:12.429" endtime="20210110 16:21:12.429"></status>
</kw>
<status status="PASS" starttime="20210110 16:21:12.393" endtime="20210110 16:21:12.429"></status>
</kw>
<kw name="${j} = 3" type="foritem">
<kw name="Get Text" library="SeleniumLibrary">
<doc>Returns the text value of the element identified by ``locator``.</doc>
<arguments>
<arg>xpath=//div[@class='col-md-9']/div[${j}]/a/div[3]</arg>
</arguments>
<assign>
<var>${buk_names}</var>
</assign>
<msg timestamp="20210110 16:21:12.456" level="INFO">${buk_names} = El l?der que no ten?a cargo: U...</msg>
<status status="PASS" starttime="20210110 16:21:12.429" endtime="20210110 16:21:12.456"></status>
</kw>
<kw name="Exit For Loop If" library="BuiltIn">
<doc>Stops executing the enclosing for loop if the ``condition`` is true.</doc>
<arguments>
<arg>"${buk_names}" == "${Expected_Book_Name}"</arg>
</arguments>
<status status="PASS" starttime="20210110 16:21:12.456" endtime="20210110 16:21:12.456"></status>
</kw>
<status status="PASS" starttime="20210110 16:21:12.429" endtime="20210110 16:21:12.461"></status>
</kw>
<kw name="${j} = 4" type="foritem">
<kw name="Get Text" library="SeleniumLibrary">
<doc>Returns the text value of the element identified by ``locator``.</doc>
<arguments>
<arg>xpath=//div[@class='col-md-9']/div[${j}]/a/div[3]</arg>
</arguments>
<assign>
<var>${buk_names}</var>
</assign>
<msg timestamp="20210110 16:21:12.479" level="INFO">${buk_names} = Beautiful Outlaw: Experiencing...</msg>
<status status="PASS" starttime="20210110 16:21:12.461" endtime="20210110 16:21:12.479"></status>
</kw>
<kw name="Exit For Loop If" library="BuiltIn">
<doc>Stops executing the enclosing for loop if the ``condition`` is true.</doc>
<arguments>
<arg>"${buk_names}" == "${Expected_Book_Name}"</arg>
</arguments>
<msg timestamp="20210110 16:21:12.479" level="INFO">Exiting for loop altogether.</msg>
<status status="PASS" starttime="20210110 16:21:12.479" endtime="20210110 16:21:12.479"></status>
</kw>
<status status="PASS" starttime="20210110 16:21:12.461" endtime="20210110 16:21:12.479"></status>
</kw>
<status status="PASS" starttime="20210110 16:21:12.393" endtime="20210110 16:21:12.479"></status>
</kw>
<kw name="Set Test Variable" library="BuiltIn">
<doc>Makes a variable available everywhere within the scope of the current test.</doc>
<arguments>
<arg>${exact_buk_elem}</arg>
<arg>xpath=//div[@class='col-md-9']/div[${j}]/a/div[3]</arg>
</arguments>
<msg timestamp="20210110 16:21:12.487" level="INFO">${exact_buk_elem} = xpath=//div[@class='col-md-9']/div[4]/a/div[3]</msg>
<status status="PASS" starttime="20210110 16:21:12.479" endtime="20210110 16:21:12.487"></status>
</kw>
<kw name="Log To Console" library="BuiltIn">
<doc>Logs the given message to the console.</doc>
<arguments>
<arg>Step4</arg>
</arguments>
<status status="PASS" starttime="20210110 16:21:12.487" endtime="20210110 16:21:12.487"></status>
</kw>
<status status="PASS" starttime="20210110 16:21:12.326" endtime="20210110 16:21:12.487"></status>
</kw>
<kw name="Go to Expected Book details page" library="instructions">
<kw name="Sleep" library="BuiltIn">
<doc>Pauses the test executed for the given time.</doc>
<arguments>
<arg>5s</arg>
</arguments>
<msg timestamp="20210110 16:21:17.491" level="INFO">Slept 5 seconds</msg>
<status status="PASS" starttime="20210110 16:21:12.488" endtime="20210110 16:21:17.491"></status>
</kw>
<kw name="Click Element" library="SeleniumLibrary">
<doc>Click the element identified by ``locator``.</doc>
<arguments>
<arg>${exact_buk_elem}</arg>
</arguments>
<msg timestamp="20210110 16:21:17.491" level="INFO">Clicking element 'xpath=//div[@class='col-md-9']/div[4]/a/div[3]'.</msg>
<status status="PASS" starttime="20210110 16:21:17.491" endtime="20210110 16:21:29.676"></status>
</kw>
<kw name="Log To Console" library="BuiltIn">
<doc>Logs the given message to the console.</doc>
<arguments>
<arg>Step5</arg>
</arguments>
<status status="PASS" starttime="20210110 16:21:29.676" endtime="20210110 16:21:29.676"></status>
</kw>
<status status="PASS" starttime="20210110 16:21:12.488" endtime="20210110 16:21:29.680"></status>
</kw>
<kw name="Verify User navigated to the expected book details" library="instructions">
<kw name="Verify WebPage title" library="instructions">
<arguments>
<arg>${Expected_Book_Detailed_Name}</arg>
</arguments>
<kw name="Wait Until Page Contains" library="SeleniumLibrary">
<doc>Waits until ``text`` appears on the current page.</doc>
<arguments>
<arg>${title_name}</arg>
</arguments>
<status status="PASS" starttime="20210110 16:21:29.684" endtime="20210110 16:21:29.839"></status>
</kw>
<kw name="Log To Console" library="BuiltIn">
<doc>Logs the given message to the console.</doc>
<arguments>
<arg>${title_name}</arg>
</arguments>
<status status="PASS" starttime="20210110 16:21:29.839" endtime="20210110 16:21:29.841"></status>
</kw>
<kw name="Log To Console" library="BuiltIn">
<doc>Logs the given message to the console.</doc>
<arguments>
<arg>Pass!!</arg>
</arguments>
<status status="PASS" starttime="20210110 16:21:29.841" endtime="20210110 16:21:29.842"></status>
</kw>
<status status="PASS" starttime="20210110 16:21:29.681" endtime="20210110 16:21:29.842"></status>
</kw>
<kw name="Log To Console" library="BuiltIn">
<doc>Logs the given message to the console.</doc>
<arguments>
<arg>Step6</arg>
</arguments>
<status status="PASS" starttime="20210110 16:21:29.842" endtime="20210110 16:21:29.842"></status>
</kw>
<status status="PASS" starttime="20210110 16:21:29.681" endtime="20210110 16:21:29.842"></status>
</kw>
<tags>
<tag>sanity</tag>
</tags>
<status status="PASS" starttime="20210110 16:20:43.452" endtime="20210110 16:21:29.842" critical="yes"></status>
</test>
<test id="s1-t2" name="User should be able to add book to the cart">
<kw name="Select Best Price" library="instructions">
<kw name="Click Element" library="SeleniumLibrary">
<doc>Click the element identified by ``locator``.</doc>
<arguments>
<arg>xpath=//a[contains(text(),'@Amazon')]</arg>
</arguments>
<msg timestamp="20210110 16:21:29.879" level="INFO">Clicking element 'xpath=//a[contains(text(),'@Amazon')]'.</msg>
<status status="PASS" starttime="20210110 16:21:29.879" endtime="20210110 16:21:30.079"></status>
</kw>
<kw name="Log To Console" library="BuiltIn">
<doc>Logs the given message to the console.</doc>
<arguments>
<arg>Step7</arg>
</arguments>
<status status="PASS" starttime="20210110 16:21:30.081" endtime="20210110 16:21:30.091"></status>
</kw>
<status status="PASS" starttime="20210110 16:21:29.875" endtime="20210110 16:21:30.096"></status>
</kw>
<kw name="Click on add to cart button" library="instructions">
<kw name="Select Window" library="SeleniumLibrary">
<doc>DEPRECATED in SeleniumLibrary 4.0. , use `Switch Window` instead.</doc>
<arguments>
<arg>${Expected_Site_Name}</arg>
</arguments>
<status status="PASS" starttime="20210110 16:21:30.096" endtime="20210110 16:21:33.601"></status>
</kw>
<kw name="Click Element" library="SeleniumLibrary">
<doc>Click the element identified by ``locator``.</doc>
<arguments>
<arg>id=add-to-cart-button</arg>
</arguments>
<msg timestamp="20210110 16:21:33.601" level="INFO">Clicking element 'id=add-to-cart-button'.</msg>
<status status="PASS" starttime="20210110 16:21:33.601" endtime="20210110 16:21:36.261"></status>
</kw>
<kw name="Log To Console" library="BuiltIn">
<doc>Logs the given message to the console.</doc>
<arguments>
<arg>Step8</arg>
</arguments>
<status status="PASS" starttime="20210110 16:21:36.261" endtime="20210110 16:21:36.261"></status>
</kw>
<kw name="Log To Console" library="BuiltIn">
<doc>Logs the given message to the console.</doc>
<arguments>
<arg>Pass!!</arg>
</arguments>
<status status="PASS" starttime="20210110 16:21:36.261" endtime="20210110 16:21:36.266"></status>
</kw>
<status status="PASS" starttime="20210110 16:21:30.096" endtime="20210110 16:21:36.269"></status>
</kw>
<status status="PASS" starttime="20210110 16:21:29.875" endtime="20210110 16:21:36.269" critical="yes"></status>
</test>
<status status="PASS" starttime="20210110 16:20:43.101" endtime="20210110 16:21:36.283"></status>
</suite>
<statistics>
<total>
<stat pass="2" fail="0">Critical Tests</stat>
<stat pass="2" fail="0">All Tests</stat>
</total>
<tag>
<stat pass="1" fail="0">sanity</stat>
</tag>
<suite>
<stat pass="2" fail="0" id="s1" name="TestCases">TestCases</stat>
</suite>
</statistics>
<errors>
</errors>
</robot>
